<?xml version="1.0" encoding="UTF-8"?>
<testsuites name="TestSuite" time="112.817" tests="10" failures="0" errors="0">
   <testsuite name="TestSuite" tests="10" failures="0" errors="0" time="112.817" skipped="0" timestamp="17-01-2025T12:14:06" hostname="TUF - husna.lan" id="Test Suites/TestSuite">
      <properties>
         <property name="deviceName" value="samsung SM-A015F (Android 12)"/>
         <property name="devicePlatform" value="Android"/>
         <property name="logFolder" value="C:\\Users\\TUF\\git\\test\\Reports\\20250117_121358\\TestSuite\\20250117_121358"/>
         <property name="logFiles" value="C:\\Users\\TUF\\git\\test\\Reports\\20250117_121358\\TestSuite\\20250117_121358\\appium.log, C:\\Users\\TUF\\git\\test\\Reports\\20250117_121358\\TestSuite\\20250117_121358\\appium_error.log, C:\\Users\\TUF\\git\\test\\Reports\\20250117_121358\\TestSuite\\20250117_121358\\execution0.log"/>
         <property name="attachments" value=""/>
         <property name="hostName" value="TUF - husna.lan"/>
         <property name="os" value="Windows 11 64bit"/>
         <property name="appiumServerStatus" value="{&quot;value&quot;:{&quot;ready&quot;:true,&quot;message&quot;:&quot;The server is ready to accept new connections&quot;,&quot;build&quot;:{&quot;version&quot;:&quot;2.13.1&quot;}}}"/>
         <property name="katalonVersion" value="10.0.1.223"/>
         <property name="deviceOS" value="Android"/>
         <property name="appiumVersion" value="2.13.1"/>
         <property name="deviceModel" value="SM-A015F"/>
         <property name="hostAddress" value="192.168.1.229"/>
         <property name="deviceManufacturer" value="samsung"/>
         <property name="deviceId" value="R9PNC036RCJ"/>
         <property name="deviceName" value="samsung SM-A015F (Android 12)"/>
         <property name="deviceOSVersion" value="12"/>
      </properties>
      <testcase name="Test Cases/7. About/7.2 Services/7.2.1 ATM/7.2.1 ATM" time="79.745" classname="Test Cases/7. About/7.2 Services/7.2.1 ATM/7.2.1 ATM" status="PASSED">
         <system-out><![CDATA[17-01-2025T12:14:06 - [TEST_CASE][PASSED] - Test Cases/7. About/7.2 Services/7.2.1 ATM/7.2.1 ATM: Test Cases/7. About/7.2 Services/7.2.1 ATM/7.2.1 ATM

17-01-2025T12:14:06 - [TEST_STEP][PASSED] - projectDir = getProjectDir(): null

17-01-2025T12:14:06 - [TEST_STEP][PASSED] - apkFilePath = projectDir + "/Test Files/Setia_City_Mall_Version_5_13_11_(Version_Code_162).apk": null

17-01-2025T12:14:06 - [TEST_STEP][PASSED] - startApplication(apkFilePath, true): Started application: 'C:\Users\TUF\git\test\Test Files\Setia_City_Mall_Version_5_13_11_(Version_Code_162).apk'

17-01-2025T12:14:07 - [MESSAGE][INFO] - Starting application: 'C:\Users\TUF\git\test\Test Files\Setia_City_Mall_Version_5_13_11_(Version_Code_162).apk'

17-01-2025T12:14:07 - [MESSAGE][INFO] - User set preference: ['property', '']

17-01-2025T12:14:07 - [MESSAGE][INFO] - User set preference: ['property_1', '']

17-01-2025T12:14:07 - [MESSAGE][INFO] - User set preference: ['property_2', '']

17-01-2025T12:14:07 - [MESSAGE][INFO] - User set preference: ['deviceId', 'R9PNC036RCJ']

17-01-2025T12:14:07 - [MESSAGE][INFO] - Detected NodeJS location: "C:\Program Files\nodejs\node.exe"

17-01-2025T12:14:18 - [MESSAGE][INFO] - PATH: C:\Program Files\nodejs;

17-01-2025T12:14:18 - [MESSAGE][INFO] - APPIUM_HOME: C:\Users\TUF\.appium

17-01-2025T12:14:18 - [MESSAGE][INFO] - appium outlog: C:\Users\TUF\git\test\Reports\20250117_121358\TestSuite\20250117_121358\appium.log

17-01-2025T12:14:18 - [MESSAGE][INFO] - appium errlog: C:\Users\TUF\git\test\Reports\20250117_121358\TestSuite\20250117_121358\appium_error.log

17-01-2025T12:14:21 - [MESSAGE][INFO] - Appium server started on port 58,491

17-01-2025T12:14:53 - [MESSAGE][PASSED] - Started application: 'C:\Users\TUF\git\test\Test Files\Setia_City_Mall_Version_5_13_11_(Version_Code_162).apk'

17-01-2025T12:14:53 - [TEST_STEP][PASSED] - tap(findTestObject("Object Repository/android.widget.ImageView (22)"), 0): Tapped on element 'Object Repository/android.widget.ImageView (22)'

17-01-2025T12:14:53 - [MESSAGE][WARNING] - Timeout '0' is invalid. Using default page load timeout: '30'

17-01-2025T12:15:01 - [MESSAGE][PASSED] - Tapped on element 'Object Repository/android.widget.ImageView (22)'

17-01-2025T12:15:01 - [TEST_STEP][PASSED] - tap(findTestObject("Object Repository/android.widget.ImageView (14)"), 0): Tapped on element 'Object Repository/android.widget.ImageView (14)'

17-01-2025T12:15:02 - [MESSAGE][WARNING] - Timeout '0' is invalid. Using default page load timeout: '30'

17-01-2025T12:15:03 - [MESSAGE][PASSED] - Tapped on element 'Object Repository/android.widget.ImageView (14)'

17-01-2025T12:15:03 - [TEST_STEP][PASSED] - tap(findTestObject("Object Repository/android.widget.TextView - About (1)"), 0): Tapped on element 'Object Repository/android.widget.TextView - About (1)'

17-01-2025T12:15:03 - [MESSAGE][WARNING] - Timeout '0' is invalid. Using default page load timeout: '30'

17-01-2025T12:15:19 - [MESSAGE][PASSED] - Tapped on element 'Object Repository/android.widget.TextView - About (1)'

17-01-2025T12:15:19 - [TEST_STEP][PASSED] - tap(findTestObject("Object Repository/android.widget.TextView - Services"), 0): Tapped on element 'Object Repository/android.widget.TextView - Services'

17-01-2025T12:15:19 - [MESSAGE][WARNING] - Timeout '0' is invalid. Using default page load timeout: '30'

17-01-2025T12:15:22 - [MESSAGE][PASSED] - Tapped on element 'Object Repository/android.widget.TextView - Services'

17-01-2025T12:15:22 - [TEST_STEP][PASSED] - tap(findTestObject("Object Repository/android.widget.ScrollView"), 0): Tapped on element 'Object Repository/android.widget.ScrollView'

17-01-2025T12:15:22 - [MESSAGE][WARNING] - Timeout '0' is invalid. Using default page load timeout: '30'

17-01-2025T12:15:24 - [MESSAGE][PASSED] - Tapped on element 'Object Repository/android.widget.ScrollView'

17-01-2025T12:15:24 - [TEST_STEP][PASSED] - tap(findTestObject("Object Repository/android.widget.TextView - ATM"), 0): Tapped on element 'Object Repository/android.widget.TextView - ATM'

17-01-2025T12:15:24 - [MESSAGE][WARNING] - Timeout '0' is invalid. Using default page load timeout: '30'

17-01-2025T12:15:24 - [MESSAGE][PASSED] - Tapped on element 'Object Repository/android.widget.TextView - ATM'

17-01-2025T12:15:24 - [TEST_STEP][PASSED] - tap(findTestObject("Object Repository/android.widget.ImageView (16)"), 0): Tapped on element 'Object Repository/android.widget.ImageView (16)'

17-01-2025T12:15:24 - [MESSAGE][WARNING] - Timeout '0' is invalid. Using default page load timeout: '30'

17-01-2025T12:15:26 - [MESSAGE][PASSED] - Tapped on element 'Object Repository/android.widget.ImageView (16)']]></system-out>
         <system-err><![CDATA[]]></system-err>
      </testcase>
      <testcase name="Test Cases/7. About/7.2 Services/7.2.2 Bus/bus" time="3.479" classname="Test Cases/7. About/7.2 Services/7.2.2 Bus/bus" status="PASSED">
         <system-out><![CDATA[17-01-2025T12:15:26 - [TEST_CASE][PASSED] - Test Cases/7. About/7.2 Services/7.2.2 Bus/bus: Test Cases/7. About/7.2 Services/7.2.2 Bus/bus

17-01-2025T12:15:26 - [TEST_STEP][PASSED] - tap(findTestObject("Object Repository/android.widget.TextView - Bus"), 0): Tapped on element 'Object Repository/android.widget.TextView - Bus'

17-01-2025T12:15:26 - [MESSAGE][WARNING] - Timeout '0' is invalid. Using default page load timeout: '30'

17-01-2025T12:15:28 - [MESSAGE][PASSED] - Tapped on element 'Object Repository/android.widget.TextView - Bus'

17-01-2025T12:15:28 - [TEST_STEP][PASSED] - tap(findTestObject("Object Repository/android.widget.ImageView (17)"), 0): Tapped on element 'Object Repository/android.widget.ImageView (17)'

17-01-2025T12:15:28 - [MESSAGE][WARNING] - Timeout '0' is invalid. Using default page load timeout: '30'

17-01-2025T12:15:29 - [MESSAGE][PASSED] - Tapped on element 'Object Repository/android.widget.ImageView (17)']]></system-out>
         <system-err><![CDATA[]]></system-err>
      </testcase>
      <testcase name="Test Cases/7. About/7.2 Services/7.2.3 Car Park Help-Desk/car" time="3.471" classname="Test Cases/7. About/7.2 Services/7.2.3 Car Park Help-Desk/car" status="PASSED">
         <system-out><![CDATA[17-01-2025T12:15:29 - [TEST_CASE][PASSED] - Test Cases/7. About/7.2 Services/7.2.3 Car Park Help-Desk/car: Test Cases/7. About/7.2 Services/7.2.3 Car Park Help-Desk/car

17-01-2025T12:15:30 - [TEST_STEP][PASSED] - tap(findTestObject("Object Repository/android.widget.TextView - Car Park Help-Desk"), 0): Tapped on element 'Object Repository/android.widget.TextView - Car Park Help-Desk'

17-01-2025T12:15:30 - [MESSAGE][WARNING] - Timeout '0' is invalid. Using default page load timeout: '30'

17-01-2025T12:15:31 - [MESSAGE][PASSED] - Tapped on element 'Object Repository/android.widget.TextView - Car Park Help-Desk'

17-01-2025T12:15:31 - [TEST_STEP][PASSED] - tap(findTestObject("Object Repository/android.widget.ImageView (19)"), 0): Tapped on element 'Object Repository/android.widget.ImageView (19)'

17-01-2025T12:15:31 - [MESSAGE][WARNING] - Timeout '0' is invalid. Using default page load timeout: '30'

17-01-2025T12:15:33 - [MESSAGE][PASSED] - Tapped on element 'Object Repository/android.widget.ImageView (19)']]></system-out>
         <system-err><![CDATA[]]></system-err>
      </testcase>
      <testcase name="Test Cases/7. About/7.2 Services/7.2.4 Gift Wrapping/New Test Case" time="3.246" classname="Test Cases/7. About/7.2 Services/7.2.4 Gift Wrapping/New Test Case" status="PASSED">
         <system-out><![CDATA[17-01-2025T12:15:33 - [TEST_CASE][PASSED] - Test Cases/7. About/7.2 Services/7.2.4 Gift Wrapping/New Test Case: Test Cases/7. About/7.2 Services/7.2.4 Gift Wrapping/New Test Case

17-01-2025T12:15:33 - [TEST_STEP][PASSED] - tap(findTestObject("Object Repository/android.widget.TextView - Gift Wrapping"), 0): Tapped on element 'Object Repository/android.widget.TextView - Gift Wrapping'

17-01-2025T12:15:33 - [MESSAGE][WARNING] - Timeout '0' is invalid. Using default page load timeout: '30'

17-01-2025T12:15:35 - [MESSAGE][PASSED] - Tapped on element 'Object Repository/android.widget.TextView - Gift Wrapping'

17-01-2025T12:15:35 - [TEST_STEP][PASSED] - tap(findTestObject("Object Repository/android.widget.ImageView (21)"), 0): Tapped on element 'Object Repository/android.widget.ImageView (21)'

17-01-2025T12:15:35 - [MESSAGE][WARNING] - Timeout '0' is invalid. Using default page load timeout: '30'

17-01-2025T12:15:36 - [MESSAGE][PASSED] - Tapped on element 'Object Repository/android.widget.ImageView (21)']]></system-out>
         <system-err><![CDATA[]]></system-err>
      </testcase>
      <testcase name="Test Cases/7. About/7.2 Services/7.2.5 Lost n Found/lostnfound" time="3.352" classname="Test Cases/7. About/7.2 Services/7.2.5 Lost n Found/lostnfound" status="PASSED">
         <system-out><![CDATA[17-01-2025T12:15:36 - [TEST_CASE][PASSED] - Test Cases/7. About/7.2 Services/7.2.5 Lost n Found/lostnfound: Test Cases/7. About/7.2 Services/7.2.5 Lost n Found/lostnfound

17-01-2025T12:15:36 - [TEST_STEP][PASSED] - tap(findTestObject("Object Repository/android.widget.TextView - Lost  Found"), 0): Tapped on element 'Object Repository/android.widget.TextView - Lost  Found'

17-01-2025T12:15:36 - [MESSAGE][WARNING] - Timeout '0' is invalid. Using default page load timeout: '30'

17-01-2025T12:15:38 - [MESSAGE][PASSED] - Tapped on element 'Object Repository/android.widget.TextView - Lost  Found'

17-01-2025T12:15:38 - [TEST_STEP][PASSED] - tap(findTestObject("Object Repository/android.widget.ImageView (21)"), 0): Tapped on element 'Object Repository/android.widget.ImageView (21)'

17-01-2025T12:15:38 - [MESSAGE][WARNING] - Timeout '0' is invalid. Using default page load timeout: '30'

17-01-2025T12:15:40 - [MESSAGE][PASSED] - Tapped on element 'Object Repository/android.widget.ImageView (21)']]></system-out>
         <system-err><![CDATA[]]></system-err>
      </testcase>
      <testcase name="Test Cases/7. About/7.3 Amenities/7.3.1 Baby Strollers/Baby Stroller" time="5.699" classname="Test Cases/7. About/7.3 Amenities/7.3.1 Baby Strollers/Baby Stroller" status="PASSED">
         <system-out><![CDATA[17-01-2025T12:15:40 - [TEST_CASE][PASSED] - Test Cases/7. About/7.3 Amenities/7.3.1 Baby Strollers/Baby Stroller: Test Cases/7. About/7.3 Amenities/7.3.1 Baby Strollers/Baby Stroller

17-01-2025T12:15:40 - [TEST_STEP][PASSED] - tap(findTestObject("Object Repository/android.widget.TextView - Amenities"), 0): Tapped on element 'Object Repository/android.widget.TextView - Amenities'

17-01-2025T12:15:40 - [MESSAGE][WARNING] - Timeout '0' is invalid. Using default page load timeout: '30'

17-01-2025T12:15:41 - [MESSAGE][PASSED] - Tapped on element 'Object Repository/android.widget.TextView - Amenities'

17-01-2025T12:15:41 - [TEST_STEP][PASSED] - tap(findTestObject("Object Repository/android.widget.TextView - Baby Strollers"), 0): Tapped on element 'Object Repository/android.widget.TextView - Baby Strollers'

17-01-2025T12:15:41 - [MESSAGE][WARNING] - Timeout '0' is invalid. Using default page load timeout: '30'

17-01-2025T12:15:44 - [MESSAGE][PASSED] - Tapped on element 'Object Repository/android.widget.TextView - Baby Strollers'

17-01-2025T12:15:44 - [TEST_STEP][PASSED] - tap(findTestObject("Object Repository/android.widget.ImageView (23)"), 0): Tapped on element 'Object Repository/android.widget.ImageView (23)'

17-01-2025T12:15:44 - [MESSAGE][WARNING] - Timeout '0' is invalid. Using default page load timeout: '30'

17-01-2025T12:15:45 - [MESSAGE][PASSED] - Tapped on element 'Object Repository/android.widget.ImageView (23)']]></system-out>
         <system-err><![CDATA[]]></system-err>
      </testcase>
      <testcase name="Test Cases/7. About/7.3 Amenities/7.3.2 Handicapped Bathrooms/Handicapped Bathrooms" time="3.446" classname="Test Cases/7. About/7.3 Amenities/7.3.2 Handicapped Bathrooms/Handicapped Bathrooms" status="PASSED">
         <system-out><![CDATA[17-01-2025T12:15:45 - [TEST_CASE][PASSED] - Test Cases/7. About/7.3 Amenities/7.3.2 Handicapped Bathrooms/Handicapped Bathrooms: Test Cases/7. About/7.3 Amenities/7.3.2 Handicapped Bathrooms/Handicapped Bathrooms

17-01-2025T12:15:45 - [TEST_STEP][PASSED] - tap(findTestObject("Object Repository/android.widget.TextView - Handicapped Bathrooms"), 0): Tapped on element 'Object Repository/android.widget.TextView - Handicapped Bathrooms'

17-01-2025T12:15:45 - [MESSAGE][WARNING] - Timeout '0' is invalid. Using default page load timeout: '30'

17-01-2025T12:15:47 - [MESSAGE][PASSED] - Tapped on element 'Object Repository/android.widget.TextView - Handicapped Bathrooms'

17-01-2025T12:15:47 - [TEST_STEP][PASSED] - tap(findTestObject("Object Repository/android.widget.ImageView (23)"), 0): Tapped on element 'Object Repository/android.widget.ImageView (23)'

17-01-2025T12:15:47 - [MESSAGE][WARNING] - Timeout '0' is invalid. Using default page load timeout: '30'

17-01-2025T12:15:49 - [MESSAGE][PASSED] - Tapped on element 'Object Repository/android.widget.ImageView (23)']]></system-out>
         <system-err><![CDATA[]]></system-err>
      </testcase>
      <testcase name="Test Cases/7. About/7.3 Amenities/7.3.3 Parents Rooms/Parents Room" time="3.397" classname="Test Cases/7. About/7.3 Amenities/7.3.3 Parents Rooms/Parents Room" status="PASSED">
         <system-out><![CDATA[17-01-2025T12:15:49 - [TEST_CASE][PASSED] - Test Cases/7. About/7.3 Amenities/7.3.3 Parents Rooms/Parents Room: Test Cases/7. About/7.3 Amenities/7.3.3 Parents Rooms/Parents Room

17-01-2025T12:15:49 - [TEST_STEP][PASSED] - tap(findTestObject("Object Repository/android.widget.TextView - Parents rooms"), 0): Tapped on element 'Object Repository/android.widget.TextView - Parents rooms'

17-01-2025T12:15:49 - [MESSAGE][WARNING] - Timeout '0' is invalid. Using default page load timeout: '30'

17-01-2025T12:15:50 - [MESSAGE][PASSED] - Tapped on element 'Object Repository/android.widget.TextView - Parents rooms'

17-01-2025T12:15:50 - [TEST_STEP][PASSED] - tap(findTestObject("Object Repository/android.widget.ImageView (23)"), 0): Tapped on element 'Object Repository/android.widget.ImageView (23)'

17-01-2025T12:15:51 - [MESSAGE][WARNING] - Timeout '0' is invalid. Using default page load timeout: '30'

17-01-2025T12:15:52 - [MESSAGE][PASSED] - Tapped on element 'Object Repository/android.widget.ImageView (23)']]></system-out>
         <system-err><![CDATA[]]></system-err>
      </testcase>
      <testcase name="Test Cases/7. About/7.3 Amenities/7.3.4 Surau/Surau" time="3.344" classname="Test Cases/7. About/7.3 Amenities/7.3.4 Surau/Surau" status="PASSED">
         <system-out><![CDATA[17-01-2025T12:15:52 - [TEST_CASE][PASSED] - Test Cases/7. About/7.3 Amenities/7.3.4 Surau/Surau: Test Cases/7. About/7.3 Amenities/7.3.4 Surau/Surau

17-01-2025T12:15:52 - [TEST_STEP][PASSED] - tap(findTestObject("Object Repository/android.widget.TextView - Surau"), 0): Tapped on element 'Object Repository/android.widget.TextView - Surau'

17-01-2025T12:15:52 - [MESSAGE][WARNING] - Timeout '0' is invalid. Using default page load timeout: '30'

17-01-2025T12:15:54 - [MESSAGE][PASSED] - Tapped on element 'Object Repository/android.widget.TextView - Surau'

17-01-2025T12:15:54 - [TEST_STEP][PASSED] - tap(findTestObject("Object Repository/android.widget.ImageView (24)"), 0): Tapped on element 'Object Repository/android.widget.ImageView (24)'

17-01-2025T12:15:54 - [MESSAGE][WARNING] - Timeout '0' is invalid. Using default page load timeout: '30'

17-01-2025T12:15:55 - [MESSAGE][PASSED] - Tapped on element 'Object Repository/android.widget.ImageView (24)']]></system-out>
         <system-err><![CDATA[]]></system-err>
      </testcase>
      <testcase name="Test Cases/7. About/7.3 Amenities/7.3.5 Wheel Chairs/Wheel Chairs" time="3.437" classname="Test Cases/7. About/7.3 Amenities/7.3.5 Wheel Chairs/Wheel Chairs" status="PASSED">
         <system-out><![CDATA[17-01-2025T12:15:55 - [TEST_CASE][PASSED] - Test Cases/7. About/7.3 Amenities/7.3.5 Wheel Chairs/Wheel Chairs: Test Cases/7. About/7.3 Amenities/7.3.5 Wheel Chairs/Wheel Chairs

17-01-2025T12:15:56 - [TEST_STEP][PASSED] - tap(findTestObject("Object Repository/android.widget.TextView - Wheel Chairs"), 0): Tapped on element 'Object Repository/android.widget.TextView - Wheel Chairs'

17-01-2025T12:15:56 - [MESSAGE][WARNING] - Timeout '0' is invalid. Using default page load timeout: '30'

17-01-2025T12:15:57 - [MESSAGE][PASSED] - Tapped on element 'Object Repository/android.widget.TextView - Wheel Chairs'

17-01-2025T12:15:57 - [TEST_STEP][PASSED] - tap(findTestObject("Object Repository/android.widget.ImageView (23)"), 0): Tapped on element 'Object Repository/android.widget.ImageView (23)'

17-01-2025T12:15:57 - [MESSAGE][WARNING] - Timeout '0' is invalid. Using default page load timeout: '30'

17-01-2025T12:15:59 - [MESSAGE][PASSED] - Tapped on element 'Object Repository/android.widget.ImageView (23)']]></system-out>
         <system-err><![CDATA[]]></system-err>
      </testcase>
      <system-out><![CDATA[17-01-2025T12:14:06 - [TEST_SUITE][PASSED] - TestSuite: Test Cases/7. About/7.3 Amenities/7.3.5 Wheel Chairs/Wheel Chairs]]></system-out>
      <system-err><![CDATA[]]></system-err>
   </testsuite>
</testsuites>
