<?xml version="1.0" encoding="UTF-8"?>
<testsuites name="TestSuite" time="67.012" tests="5" failures="0" errors="0">
   <testsuite name="TestSuite" tests="5" failures="0" errors="0" time="67.012" skipped="0" timestamp="16-01-2025T13:08:08" hostname="TUF - husna.lan" id="Test Suites/TestSuite">
      <properties>
         <property name="deviceName" value="samsung SM-A015F (Android 12)"/>
         <property name="devicePlatform" value="Android"/>
         <property name="logFolder" value="C:\\Users\\TUF\\git\\test\\Reports\\20250116_130802\\TestSuite\\20250116_130802"/>
         <property name="logFiles" value="C:\\Users\\TUF\\git\\test\\Reports\\20250116_130802\\TestSuite\\20250116_130802\\appium.log, C:\\Users\\TUF\\git\\test\\Reports\\20250116_130802\\TestSuite\\20250116_130802\\appium_error.log, C:\\Users\\TUF\\git\\test\\Reports\\20250116_130802\\TestSuite\\20250116_130802\\execution0.log"/>
         <property name="attachments" value=""/>
         <property name="hostName" value="TUF - husna.lan"/>
         <property name="os" value="Windows 11 64bit"/>
         <property name="appiumServerStatus" value="{&quot;value&quot;:{&quot;ready&quot;:true,&quot;message&quot;:&quot;The server is ready to accept new connections&quot;,&quot;build&quot;:{&quot;version&quot;:&quot;2.13.1&quot;}}}"/>
         <property name="katalonVersion" value="10.0.1.223"/>
         <property name="deviceOS" value="Android"/>
         <property name="appiumVersion" value="2.13.1"/>
         <property name="deviceModel" value="SM-A015F"/>
         <property name="hostAddress" value="192.168.1.229"/>
         <property name="deviceManufacturer" value="samsung"/>
         <property name="deviceId" value="R9PNC036RCJ"/>
         <property name="deviceName" value="samsung SM-A015F (Android 12)"/>
         <property name="deviceOSVersion" value="12"/>
      </properties>
      <testcase name="Test Cases/7. About/7.2 Services/7.2.1 ATM/7.2.1 ATM" time="56.236" classname="Test Cases/7. About/7.2 Services/7.2.1 ATM/7.2.1 ATM" status="PASSED">
         <system-out><![CDATA[16-01-2025T13:08:08 - [TEST_CASE][PASSED] - Test Cases/7. About/7.2 Services/7.2.1 ATM/7.2.1 ATM: Test Cases/7. About/7.2 Services/7.2.1 ATM/7.2.1 ATM

16-01-2025T13:08:08 - [TEST_STEP][PASSED] - startApplication("C:\Users\TUF\Downloads\Setia_City_Mall_Version_5_13_11_(Version_Code_162).apk", true): Started application: 'C:\Users\TUF\Downloads\Setia_City_Mall_Version_5_13_11_(Version_Code_162).apk'

16-01-2025T13:08:08 - [MESSAGE][INFO] - Starting application: 'C:\Users\TUF\Downloads\Setia_City_Mall_Version_5_13_11_(Version_Code_162).apk'

16-01-2025T13:08:08 - [MESSAGE][INFO] - User set preference: ['deviceId', 'R9PNC036RCJ']

16-01-2025T13:08:09 - [MESSAGE][INFO] - Detected NodeJS location: "C:\Program Files\nodejs\node.exe"

16-01-2025T13:08:22 - [MESSAGE][INFO] - PATH: C:\Program Files\nodejs;

16-01-2025T13:08:22 - [MESSAGE][INFO] - APPIUM_HOME: C:\Users\TUF\.appium

16-01-2025T13:08:22 - [MESSAGE][INFO] - appium outlog: C:\Users\TUF\git\test\Reports\20250116_130802\TestSuite\20250116_130802\appium.log

16-01-2025T13:08:22 - [MESSAGE][INFO] - appium errlog: C:\Users\TUF\git\test\Reports\20250116_130802\TestSuite\20250116_130802\appium_error.log

16-01-2025T13:08:24 - [MESSAGE][INFO] - Appium server started on port 57,362

16-01-2025T13:08:46 - [MESSAGE][PASSED] - Started application: 'C:\Users\TUF\Downloads\Setia_City_Mall_Version_5_13_11_(Version_Code_162).apk'

16-01-2025T13:08:46 - [TEST_STEP][PASSED] - tap(findTestObject("Object Repository/android.widget.ImageView (14)"), 0): Tapped on element 'Object Repository/android.widget.ImageView (14)'

16-01-2025T13:08:46 - [MESSAGE][WARNING] - Timeout '0' is invalid. Using default page load timeout: '30'

16-01-2025T13:08:51 - [MESSAGE][PASSED] - Tapped on element 'Object Repository/android.widget.ImageView (14)'

16-01-2025T13:08:51 - [TEST_STEP][PASSED] - tap(findTestObject("Object Repository/android.widget.TextView - About (1)"), 0): Tapped on element 'Object Repository/android.widget.TextView - About (1)'

16-01-2025T13:08:51 - [MESSAGE][WARNING] - Timeout '0' is invalid. Using default page load timeout: '30'

16-01-2025T13:08:57 - [MESSAGE][PASSED] - Tapped on element 'Object Repository/android.widget.TextView - About (1)'

16-01-2025T13:08:57 - [TEST_STEP][PASSED] - tap(findTestObject("Object Repository/android.widget.TextView - Services"), 0): Tapped on element 'Object Repository/android.widget.TextView - Services'

16-01-2025T13:08:57 - [MESSAGE][WARNING] - Timeout '0' is invalid. Using default page load timeout: '30'

16-01-2025T13:09:00 - [MESSAGE][PASSED] - Tapped on element 'Object Repository/android.widget.TextView - Services'

16-01-2025T13:09:00 - [TEST_STEP][PASSED] - tap(findTestObject("Object Repository/android.widget.ScrollView"), 0): Tapped on element 'Object Repository/android.widget.ScrollView'

16-01-2025T13:09:00 - [MESSAGE][WARNING] - Timeout '0' is invalid. Using default page load timeout: '30'

16-01-2025T13:09:02 - [MESSAGE][PASSED] - Tapped on element 'Object Repository/android.widget.ScrollView'

16-01-2025T13:09:02 - [TEST_STEP][PASSED] - tap(findTestObject("Object Repository/android.widget.TextView - ATM"), 0): Tapped on element 'Object Repository/android.widget.TextView - ATM'

16-01-2025T13:09:02 - [MESSAGE][WARNING] - Timeout '0' is invalid. Using default page load timeout: '30'

16-01-2025T13:09:03 - [MESSAGE][PASSED] - Tapped on element 'Object Repository/android.widget.TextView - ATM'

16-01-2025T13:09:03 - [TEST_STEP][PASSED] - tap(findTestObject("Object Repository/android.widget.ImageView (16)"), 0): Tapped on element 'Object Repository/android.widget.ImageView (16)'

16-01-2025T13:09:03 - [MESSAGE][WARNING] - Timeout '0' is invalid. Using default page load timeout: '30'

16-01-2025T13:09:04 - [MESSAGE][PASSED] - Tapped on element 'Object Repository/android.widget.ImageView (16)']]></system-out>
         <system-err><![CDATA[]]></system-err>
      </testcase>
      <testcase name="Test Cases/7. About/7.2 Services/7.2.2 Bus/bus" time="2.778" classname="Test Cases/7. About/7.2 Services/7.2.2 Bus/bus" status="PASSED">
         <system-out><![CDATA[16-01-2025T13:09:04 - [TEST_CASE][PASSED] - Test Cases/7. About/7.2 Services/7.2.2 Bus/bus: Test Cases/7. About/7.2 Services/7.2.2 Bus/bus

16-01-2025T13:09:04 - [TEST_STEP][PASSED] - tap(findTestObject("Object Repository/android.widget.TextView - Bus"), 0): Tapped on element 'Object Repository/android.widget.TextView - Bus'

16-01-2025T13:09:04 - [MESSAGE][WARNING] - Timeout '0' is invalid. Using default page load timeout: '30'

16-01-2025T13:09:06 - [MESSAGE][PASSED] - Tapped on element 'Object Repository/android.widget.TextView - Bus'

16-01-2025T13:09:06 - [TEST_STEP][PASSED] - tap(findTestObject("Object Repository/android.widget.ImageView (17)"), 0): Tapped on element 'Object Repository/android.widget.ImageView (17)'

16-01-2025T13:09:06 - [MESSAGE][WARNING] - Timeout '0' is invalid. Using default page load timeout: '30'

16-01-2025T13:09:07 - [MESSAGE][PASSED] - Tapped on element 'Object Repository/android.widget.ImageView (17)']]></system-out>
         <system-err><![CDATA[]]></system-err>
      </testcase>
      <testcase name="Test Cases/7. About/7.2 Services/7.2.3 Car Park Help-Desk/car" time="2.694" classname="Test Cases/7. About/7.2 Services/7.2.3 Car Park Help-Desk/car" status="PASSED">
         <system-out><![CDATA[16-01-2025T13:09:07 - [TEST_CASE][PASSED] - Test Cases/7. About/7.2 Services/7.2.3 Car Park Help-Desk/car: Test Cases/7. About/7.2 Services/7.2.3 Car Park Help-Desk/car

16-01-2025T13:09:07 - [TEST_STEP][PASSED] - tap(findTestObject("Object Repository/android.widget.TextView - Car Park Help-Desk"), 0): Tapped on element 'Object Repository/android.widget.TextView - Car Park Help-Desk'

16-01-2025T13:09:07 - [MESSAGE][WARNING] - Timeout '0' is invalid. Using default page load timeout: '30'

16-01-2025T13:09:08 - [MESSAGE][PASSED] - Tapped on element 'Object Repository/android.widget.TextView - Car Park Help-Desk'

16-01-2025T13:09:08 - [TEST_STEP][PASSED] - tap(findTestObject("Object Repository/android.widget.ImageView (19)"), 0): Tapped on element 'Object Repository/android.widget.ImageView (19)'

16-01-2025T13:09:08 - [MESSAGE][WARNING] - Timeout '0' is invalid. Using default page load timeout: '30'

16-01-2025T13:09:10 - [MESSAGE][PASSED] - Tapped on element 'Object Repository/android.widget.ImageView (19)']]></system-out>
         <system-err><![CDATA[]]></system-err>
      </testcase>
      <testcase name="Test Cases/7. About/7.2 Services/7.2.4 Gift Wrapping/New Test Case" time="2.578" classname="Test Cases/7. About/7.2 Services/7.2.4 Gift Wrapping/New Test Case" status="PASSED">
         <system-out><![CDATA[16-01-2025T13:09:10 - [TEST_CASE][PASSED] - Test Cases/7. About/7.2 Services/7.2.4 Gift Wrapping/New Test Case: Test Cases/7. About/7.2 Services/7.2.4 Gift Wrapping/New Test Case

16-01-2025T13:09:10 - [TEST_STEP][PASSED] - tap(findTestObject("Object Repository/android.widget.TextView - Gift Wrapping"), 0): Tapped on element 'Object Repository/android.widget.TextView - Gift Wrapping'

16-01-2025T13:09:10 - [MESSAGE][WARNING] - Timeout '0' is invalid. Using default page load timeout: '30'

16-01-2025T13:09:11 - [MESSAGE][PASSED] - Tapped on element 'Object Repository/android.widget.TextView - Gift Wrapping'

16-01-2025T13:09:11 - [TEST_STEP][PASSED] - tap(findTestObject("Object Repository/android.widget.ImageView (21)"), 0): Tapped on element 'Object Repository/android.widget.ImageView (21)'

16-01-2025T13:09:11 - [MESSAGE][WARNING] - Timeout '0' is invalid. Using default page load timeout: '30'

16-01-2025T13:09:12 - [MESSAGE][PASSED] - Tapped on element 'Object Repository/android.widget.ImageView (21)']]></system-out>
         <system-err><![CDATA[]]></system-err>
      </testcase>
      <testcase name="Test Cases/7. About/7.2 Services/7.2.5 Lost n Found/lostnfound" time="2.569" classname="Test Cases/7. About/7.2 Services/7.2.5 Lost n Found/lostnfound" status="PASSED">
         <system-out><![CDATA[16-01-2025T13:09:12 - [TEST_CASE][PASSED] - Test Cases/7. About/7.2 Services/7.2.5 Lost n Found/lostnfound: Test Cases/7. About/7.2 Services/7.2.5 Lost n Found/lostnfound

16-01-2025T13:09:12 - [TEST_STEP][PASSED] - tap(findTestObject("Object Repository/android.widget.TextView - Lost  Found"), 0): Tapped on element 'Object Repository/android.widget.TextView - Lost  Found'

16-01-2025T13:09:12 - [MESSAGE][WARNING] - Timeout '0' is invalid. Using default page load timeout: '30'

16-01-2025T13:09:14 - [MESSAGE][PASSED] - Tapped on element 'Object Repository/android.widget.TextView - Lost  Found'

16-01-2025T13:09:14 - [TEST_STEP][PASSED] - tap(findTestObject("Object Repository/android.widget.ImageView (21)"), 0): Tapped on element 'Object Repository/android.widget.ImageView (21)'

16-01-2025T13:09:14 - [MESSAGE][WARNING] - Timeout '0' is invalid. Using default page load timeout: '30'

16-01-2025T13:09:15 - [MESSAGE][PASSED] - Tapped on element 'Object Repository/android.widget.ImageView (21)']]></system-out>
         <system-err><![CDATA[]]></system-err>
      </testcase>
      <system-out><![CDATA[16-01-2025T13:08:08 - [TEST_SUITE][PASSED] - TestSuite: Test Cases/7. About/7.2 Services/7.2.5 Lost n Found/lostnfound]]></system-out>
      <system-err><![CDATA[]]></system-err>
   </testsuite>
</testsuites>
