<?xml version="1.0" encoding="UTF-8"?>
<testsuites name="TestSuite" time="56.187" tests="2" failures="0" errors="0">
   <testsuite name="TestSuite" tests="2" failures="0" errors="0" time="56.187" skipped="0" timestamp="16-01-2025T12:49:39" hostname="TUF - husna.lan" id="Test Suites/TestSuite">
      <properties>
         <property name="deviceName" value="samsung SM-A015F (Android 12)"/>
         <property name="devicePlatform" value="Android"/>
         <property name="logFolder" value="C:\\Users\\TUF\\git\\test\\Reports\\20250116_124931\\TestSuite\\20250116_124932"/>
         <property name="logFiles" value="C:\\Users\\TUF\\git\\test\\Reports\\20250116_124931\\TestSuite\\20250116_124932\\appium.log, C:\\Users\\TUF\\git\\test\\Reports\\20250116_124931\\TestSuite\\20250116_124932\\appium_error.log, C:\\Users\\TUF\\git\\test\\Reports\\20250116_124931\\TestSuite\\20250116_124932\\execution0.log"/>
         <property name="attachments" value=""/>
         <property name="hostName" value="TUF - husna.lan"/>
         <property name="os" value="Windows 11 64bit"/>
         <property name="appiumServerStatus" value="{&quot;value&quot;:{&quot;ready&quot;:true,&quot;message&quot;:&quot;The server is ready to accept new connections&quot;,&quot;build&quot;:{&quot;version&quot;:&quot;2.13.1&quot;}}}"/>
         <property name="katalonVersion" value="10.0.1.223"/>
         <property name="deviceOS" value="Android"/>
         <property name="appiumVersion" value="2.13.1"/>
         <property name="deviceModel" value="SM-A015F"/>
         <property name="hostAddress" value="192.168.1.229"/>
         <property name="deviceManufacturer" value="samsung"/>
         <property name="deviceId" value="R9PNC036RCJ"/>
         <property name="deviceName" value="samsung SM-A015F (Android 12)"/>
         <property name="deviceOSVersion" value="12"/>
      </properties>
      <testcase name="Test Cases/7. About/7.2 Services/7.2.1 ATM/7.2.1 ATM" time="53.451" classname="Test Cases/7. About/7.2 Services/7.2.1 ATM/7.2.1 ATM" status="PASSED">
         <system-out><![CDATA[16-01-2025T12:49:39 - [TEST_CASE][PASSED] - Test Cases/7. About/7.2 Services/7.2.1 ATM/7.2.1 ATM: Test Cases/7. About/7.2 Services/7.2.1 ATM/7.2.1 ATM

16-01-2025T12:49:39 - [TEST_STEP][PASSED] - startApplication("C:\Users\TUF\Downloads\Setia_City_Mall_Version_5_13_11_(Version_Code_162).apk", true): Started application: 'C:\Users\TUF\Downloads\Setia_City_Mall_Version_5_13_11_(Version_Code_162).apk'

16-01-2025T12:49:39 - [MESSAGE][INFO] - Starting application: 'C:\Users\TUF\Downloads\Setia_City_Mall_Version_5_13_11_(Version_Code_162).apk'

16-01-2025T12:49:39 - [MESSAGE][INFO] - User set preference: ['deviceId', 'R9PNC036RCJ']

16-01-2025T12:49:39 - [MESSAGE][INFO] - Detected NodeJS location: "C:\Program Files\nodejs\node.exe"

16-01-2025T12:49:50 - [MESSAGE][INFO] - PATH: C:\Program Files\nodejs;

16-01-2025T12:49:50 - [MESSAGE][INFO] - APPIUM_HOME: C:\Users\TUF\.appium

16-01-2025T12:49:50 - [MESSAGE][INFO] - appium outlog: C:\Users\TUF\git\test\Reports\20250116_124931\TestSuite\20250116_124932\appium.log

16-01-2025T12:49:50 - [MESSAGE][INFO] - appium errlog: C:\Users\TUF\git\test\Reports\20250116_124931\TestSuite\20250116_124932\appium_error.log

16-01-2025T12:49:52 - [MESSAGE][INFO] - Appium server started on port 56,263

16-01-2025T12:50:13 - [MESSAGE][PASSED] - Started application: 'C:\Users\TUF\Downloads\Setia_City_Mall_Version_5_13_11_(Version_Code_162).apk'

16-01-2025T12:50:13 - [TEST_STEP][PASSED] - tap(findTestObject("Object Repository/android.widget.ImageView (14)"), 0): Tapped on element 'Object Repository/android.widget.ImageView (14)'

16-01-2025T12:50:13 - [MESSAGE][WARNING] - Timeout '0' is invalid. Using default page load timeout: '30'

16-01-2025T12:50:17 - [MESSAGE][PASSED] - Tapped on element 'Object Repository/android.widget.ImageView (14)'

16-01-2025T12:50:17 - [TEST_STEP][PASSED] - tap(findTestObject("Object Repository/android.widget.TextView - About (1)"), 0): Tapped on element 'Object Repository/android.widget.TextView - About (1)'

16-01-2025T12:50:17 - [MESSAGE][WARNING] - Timeout '0' is invalid. Using default page load timeout: '30'

16-01-2025T12:50:26 - [MESSAGE][PASSED] - Tapped on element 'Object Repository/android.widget.TextView - About (1)'

16-01-2025T12:50:26 - [TEST_STEP][PASSED] - tap(findTestObject("Object Repository/android.widget.TextView - Services"), 0): Tapped on element 'Object Repository/android.widget.TextView - Services'

16-01-2025T12:50:26 - [MESSAGE][WARNING] - Timeout '0' is invalid. Using default page load timeout: '30'

16-01-2025T12:50:28 - [MESSAGE][PASSED] - Tapped on element 'Object Repository/android.widget.TextView - Services'

16-01-2025T12:50:28 - [TEST_STEP][PASSED] - tap(findTestObject("Object Repository/android.widget.ScrollView"), 0): Tapped on element 'Object Repository/android.widget.ScrollView'

16-01-2025T12:50:28 - [MESSAGE][WARNING] - Timeout '0' is invalid. Using default page load timeout: '30'

16-01-2025T12:50:30 - [MESSAGE][PASSED] - Tapped on element 'Object Repository/android.widget.ScrollView'

16-01-2025T12:50:30 - [TEST_STEP][PASSED] - tap(findTestObject("Object Repository/android.widget.TextView - ATM"), 0): Tapped on element 'Object Repository/android.widget.TextView - ATM'

16-01-2025T12:50:30 - [MESSAGE][WARNING] - Timeout '0' is invalid. Using default page load timeout: '30'

16-01-2025T12:50:31 - [MESSAGE][PASSED] - Tapped on element 'Object Repository/android.widget.TextView - ATM'

16-01-2025T12:50:31 - [TEST_STEP][PASSED] - tap(findTestObject("Object Repository/android.widget.ImageView (16)"), 0): Tapped on element 'Object Repository/android.widget.ImageView (16)'

16-01-2025T12:50:31 - [MESSAGE][WARNING] - Timeout '0' is invalid. Using default page load timeout: '30'

16-01-2025T12:50:32 - [MESSAGE][PASSED] - Tapped on element 'Object Repository/android.widget.ImageView (16)']]></system-out>
         <system-err><![CDATA[]]></system-err>
      </testcase>
      <testcase name="Test Cases/7. About/7.2 Services/7.2.2 Bus/bus" time="2.599" classname="Test Cases/7. About/7.2 Services/7.2.2 Bus/bus" status="PASSED">
         <system-out><![CDATA[16-01-2025T12:50:32 - [TEST_CASE][PASSED] - Test Cases/7. About/7.2 Services/7.2.2 Bus/bus: Test Cases/7. About/7.2 Services/7.2.2 Bus/bus

16-01-2025T12:50:32 - [TEST_STEP][PASSED] - tap(findTestObject("Object Repository/android.widget.TextView - Bus"), 0): Tapped on element 'Object Repository/android.widget.TextView - Bus'

16-01-2025T12:50:32 - [MESSAGE][WARNING] - Timeout '0' is invalid. Using default page load timeout: '30'

16-01-2025T12:50:33 - [MESSAGE][PASSED] - Tapped on element 'Object Repository/android.widget.TextView - Bus'

16-01-2025T12:50:33 - [TEST_STEP][PASSED] - tap(findTestObject("Object Repository/android.widget.ImageView (17)"), 0): Tapped on element 'Object Repository/android.widget.ImageView (17)'

16-01-2025T12:50:33 - [MESSAGE][WARNING] - Timeout '0' is invalid. Using default page load timeout: '30'

16-01-2025T12:50:35 - [MESSAGE][PASSED] - Tapped on element 'Object Repository/android.widget.ImageView (17)']]></system-out>
         <system-err><![CDATA[]]></system-err>
      </testcase>
      <system-out><![CDATA[16-01-2025T12:49:39 - [TEST_SUITE][PASSED] - TestSuite: Test Cases/7. About/7.2 Services/7.2.2 Bus/bus]]></system-out>
      <system-err><![CDATA[]]></system-err>
   </testsuite>
</testsuites>
